<?xml version="1.0" encoding="UTF-8"?>
<!-- Generated by org.testng.reporters.JUnitReportReporter -->
<testsuite hostname="BHAGAVATH" failures="0" tests="3" name="Tests.Login" time="30.549" errors="0" timestamp="2025-04-10T15:06:09 IST" skipped="0">
  <testcase classname="Tests.Login" name="loginDetails" time="12.356"/>
  <system-out/>
  <testcase classname="Tests.Login" name="serachBar" time="15.922"/>
  <system-out/>
  <testcase classname="Tests.Login" name="logout" time="2.271"/>
  <system-out/>
</testsuite> <!-- Tests.Login -->
