<?xml version="1.0" encoding="UTF-8"?>
<!-- Generated by org.testng.reporters.JUnitReportReporter -->
<testsuite hostname="BHAGAVATH" failures="0" tests="3" name="Tests.Login" time="24.553" errors="0" timestamp="2025-04-10T14:00:23 IST" skipped="0">
  <testcase classname="Tests.Login" name="loginDetails" time="11.131"/>
  <system-out/>
  <testcase classname="Tests.Login" name="serachBar" time="10.695"/>
  <system-out/>
  <testcase classname="Tests.Login" name="logout" time="2.727"/>
  <system-out/>
</testsuite> <!-- Tests.Login -->
