<?xml version="1.0" encoding="UTF-8"?>
<!-- Generated by org.testng.reporters.JUnitReportReporter -->
<testsuite hostname="BHAGAVATH" failures="0" tests="1" name="Tests.LaunchUrl" time="5.552" errors="0" timestamp="2025-04-10T14:00:23 IST" skipped="0">
  <testcase classname="Tests.LaunchUrl" name="setup" time="5.552"/>
  <system-out/>
</testsuite> <!-- Tests.LaunchUrl -->
