<?xml version="1.0" encoding="UTF-8"?>
<!-- Generated by org.testng.reporters.JUnitReportReporter -->
<testsuite hostname="BHAGAVATH" failures="0" tests="1" name="Tests.MouseHover" time="3.740" errors="0" timestamp="2025-04-10T15:06:09 IST" skipped="0">
  <testcase classname="Tests.MouseHover" name="hoverTabs" time="3.740"/>
  <system-out/>
</testsuite> <!-- Tests.MouseHover -->
